0 info it worked if it ends with ok
1 verbose cli [ '/home/ubuntu/.nvm/versions/node/v8.4.0/bin/node',
1 verbose cli   '/home/ubuntu/.nvm/versions/node/v8.4.0/bin/npm',
1 verbose cli   'install' ]
2 info using npm@6.4.1
3 info using node@v8.4.0
4 verbose npm-session 938559dd9c14dd00
5 silly install runPreinstallTopLevelLifecycles
6 silly install loadCurrentTree
7 silly install readLocalPackageData
8 timing stage:rollbackFailedOptional Completed in 3ms
9 timing stage:runTopLevelLifecycles Completed in 35ms
10 verbose stack Error: Failed to parse json
10 verbose stack Unexpected token / in JSON at position 0 while parsing near '// package.json
10 verbose stack
10 verbose stack {
10 verbose stack  ...'
10 verbose stack     at parseError (/home/ubuntu/.nvm/versions/node/v8.4.0/lib/node_modules/npm/node_modules/read-package-json/read-json.js:452:11)
10 verbose stack     at parseJson (/home/ubuntu/.nvm/versions/node/v8.4.0/lib/node_modules/npm/node_modules/read-package-json/read-json.js:104:26)
10 verbose stack     at /home/ubuntu/.nvm/versions/node/v8.4.0/lib/node_modules/npm/node_modules/read-package-json/read-json.js:51:5
10 verbose stack     at /home/ubuntu/.nvm/versions/node/v8.4.0/lib/node_modules/npm/node_modules/graceful-fs/graceful-fs.js:78:16
10 verbose stack     at tryToString (fs.js:513:3)
10 verbose stack     at FSReqWrap.readFileAfterClose [as oncomplete] (fs.js:501:12)
11 verbose cwd /home/ubuntu/testing
12 verbose Linux 4.4.0-1065-aws
13 verbose argv "/home/ubuntu/.nvm/versions/node/v8.4.0/bin/node" "/home/ubuntu/.nvm/versions/node/v8.4.0/bin/npm" "install"
14 verbose node v8.4.0
15 verbose npm  v6.4.1
16 error file /home/ubuntu/testing/package.json
17 error code EJSONPARSE
18 error JSON.parse Failed to parse json
18 error JSON.parse Unexpected token / in JSON at position 0 while parsing near '// package.json
18 error JSON.parse
18 error JSON.parse {
18 error JSON.parse  ...'
19 error JSON.parse Failed to parse package.json data.
19 error JSON.parse package.json must be actual JSON, not just JavaScript.
20 verbose exit [ 1, true ]
