0 info it worked if it ends with ok
1 verbose cli [ '/home/ubuntu/.nvm/versions/node/v8.4.0/bin/node',
1 verbose cli   '/home/ubuntu/.nvm/versions/node/v8.4.0/bin/npm',
1 verbose cli   'start',
1 verbose cli   'run' ]
2 info using npm@5.3.0
3 info using node@v8.4.0
4 verbose run-script [ 'prestart', 'start', 'poststart' ]
5 info lifecycle 478Project@1.0.0~prestart: 478Project@1.0.0
6 info lifecycle 478Project@1.0.0~start: 478Project@1.0.0
7 verbose lifecycle 478Project@1.0.0~start: unsafe-perm in lifecycle true
8 verbose lifecycle 478Project@1.0.0~start: PATH: /home/ubuntu/.nvm/versions/node/v8.4.0/lib/node_modules/npm/bin/node-gyp-bin:/home/ubuntu/testing/478Project/node_modules/.bin:/home/ubuntu/bin:/home/ubuntu/.local/bin:/home/ubuntu/.nvm/versions/node/v8.4.0/bin:/usr/local/sbin:/usr/local/bin:/usr/sbin:/usr/bin:/sbin:/bin:/usr/games:/usr/local/games:/snap/bin
9 verbose lifecycle 478Project@1.0.0~start: CWD: /home/ubuntu/testing/478Project
10 silly lifecycle 478Project@1.0.0~start: Args: [ '-c', 'node . "run"' ]
11 silly lifecycle 478Project@1.0.0~start: Returned: code: 1  signal: null
12 info lifecycle 478Project@1.0.0~start: Failed to exec start script
13 verbose stack Error: 478Project@1.0.0 start: `node . "run"`
13 verbose stack Exit status 1
13 verbose stack     at EventEmitter.<anonymous> (/home/ubuntu/.nvm/versions/node/v8.4.0/lib/node_modules/npm/lib/utils/lifecycle.js:289:16)
13 verbose stack     at emitTwo (events.js:125:13)
13 verbose stack     at EventEmitter.emit (events.js:213:7)
13 verbose stack     at ChildProcess.<anonymous> (/home/ubuntu/.nvm/versions/node/v8.4.0/lib/node_modules/npm/lib/utils/spawn.js:40:14)
13 verbose stack     at emitTwo (events.js:125:13)
13 verbose stack     at ChildProcess.emit (events.js:213:7)
13 verbose stack     at maybeClose (internal/child_process.js:927:16)
13 verbose stack     at Process.ChildProcess._handle.onexit (internal/child_process.js:211:5)
14 verbose pkgid 478Project@1.0.0
15 verbose cwd /home/ubuntu/testing/478Project
16 verbose Linux 4.4.0-1065-aws
17 verbose argv "/home/ubuntu/.nvm/versions/node/v8.4.0/bin/node" "/home/ubuntu/.nvm/versions/node/v8.4.0/bin/npm" "start" "run"
18 verbose node v8.4.0
19 verbose npm  v5.3.0
20 error code ELIFECYCLE
21 error errno 1
22 error 478Project@1.0.0 start: `node . "run"`
22 error Exit status 1
23 error Failed at the 478Project@1.0.0 start script.
23 error This is probably not a problem with npm. There is likely additional logging output above.
24 verbose exit [ 1, true ]
